[2022-11-03 14:12:12] [ INFO ] [BD:32] La conexión se cerró de forma exitosa.
[2022-11-03 14:12:13] [ INFO ] [BD:25] Se registra un pedido de conexión a la base de datos
[2022-11-03 14:12:13] [ INFO ] [BD:25] Se registra un pedido de conexión a la base de datos
[2022-11-03 14:12:13] [ INFO ] [BD:25] Se registra un pedido de conexión a la base de datos
[2022-11-03 14:12:13] [ INFO ] [BD:25] Se registra un pedido de conexión a la base de datos
[2022-11-03 14:12:13] [ INFO ] [BD:25] Se registra un pedido de conexión a la base de datos
[2022-11-03 14:12:13] [ INFO ] [BD:57] Se registra un pedido de conexión a la base de datos
[2022-11-03 14:12:14] [ ERROR] [BD:68] No se logró ejecutar su pedido a la bbdd.java.lang.NullPointerException: Cannot invoke "java.util.List.add(Object)" because "odontologoList" is null
[2022-11-03 14:26:17] [ INFO ] [BD:32] La conexión se cerró de forma exitosa.
[2022-11-03 14:26:17] [ INFO ] [BD:26] Se registra un pedido de conexión a la base de datos
[2022-11-03 14:26:17] [ INFO ] [BD:26] Se registra un pedido de conexión a la base de datos
[2022-11-03 14:26:17] [ INFO ] [BD:26] Se registra un pedido de conexión a la base de datos
[2022-11-03 14:26:17] [ INFO ] [BD:26] Se registra un pedido de conexión a la base de datos
[2022-11-03 14:26:18] [ INFO ] [BD:26] Se registra un pedido de conexión a la base de datos
[2022-11-03 14:26:18] [ INFO ] [BD:58] Se registra un pedido de conexión a la base de datos
[2022-11-03 14:26:18] [ ERROR] [BD:69] No se logró ejecutar su pedido a la bbdd.java.lang.NullPointerException: Cannot invoke "java.util.List.add(Object)" because "odontologoList" is null
[2022-11-03 14:28:55] [ INFO ] [BD:32] La conexión se cerró de forma exitosa.
[2022-11-03 14:28:55] [ INFO ] [BD:26] Se registra un pedido de conexión a la base de datos
[2022-11-03 14:28:55] [ INFO ] [BD:34] Su solicitud fue ejecutada con éxito, ha ingresado a: Florencia
[2022-11-03 14:28:56] [ INFO ] [BD:26] Se registra un pedido de conexión a la base de datos
[2022-11-03 14:28:56] [ INFO ] [BD:34] Su solicitud fue ejecutada con éxito, ha ingresado a: Camila
[2022-11-03 14:28:56] [ INFO ] [BD:26] Se registra un pedido de conexión a la base de datos
[2022-11-03 14:28:56] [ INFO ] [BD:34] Su solicitud fue ejecutada con éxito, ha ingresado a: Matina
[2022-11-03 14:28:56] [ INFO ] [BD:26] Se registra un pedido de conexión a la base de datos
[2022-11-03 14:28:56] [ INFO ] [BD:34] Su solicitud fue ejecutada con éxito, ha ingresado a: Micaela
[2022-11-03 14:28:56] [ INFO ] [BD:26] Se registra un pedido de conexión a la base de datos
[2022-11-03 14:28:56] [ INFO ] [BD:34] Su solicitud fue ejecutada con éxito, ha ingresado a: Ana
[2022-11-03 14:28:56] [ INFO ] [BD:59] Se registra un pedido de conexión a la base de datos
[2022-11-03 14:28:56] [ ERROR] [BD:70] No se logró ejecutar su pedido a la bbdd.java.lang.NullPointerException: Cannot invoke "java.util.List.add(Object)" because "odontologoList" is null
[2022-11-03 14:31:27] [ INFO ] [BD:32] La conexión se cerró de forma exitosa.
[2022-11-03 14:31:27] [ INFO ] [BD:26] Se registra un pedido de conexión a la base de datos
[2022-11-03 14:31:27] [ INFO ] [BD:34] Su solicitud fue ejecutada con éxito, ha ingresado a: Florencia
[2022-11-03 14:31:27] [ INFO ] [BD:26] Se registra un pedido de conexión a la base de datos
[2022-11-03 14:31:27] [ INFO ] [BD:34] Su solicitud fue ejecutada con éxito, ha ingresado a: Camila
[2022-11-03 14:31:27] [ INFO ] [BD:26] Se registra un pedido de conexión a la base de datos
[2022-11-03 14:31:27] [ INFO ] [BD:34] Su solicitud fue ejecutada con éxito, ha ingresado a: Matina
[2022-11-03 14:31:27] [ INFO ] [BD:26] Se registra un pedido de conexión a la base de datos
[2022-11-03 14:31:27] [ INFO ] [BD:34] Su solicitud fue ejecutada con éxito, ha ingresado a: Micaela
[2022-11-03 14:31:27] [ INFO ] [BD:26] Se registra un pedido de conexión a la base de datos
[2022-11-03 14:31:27] [ INFO ] [BD:34] Su solicitud fue ejecutada con éxito, ha ingresado a: Ana
[2022-11-03 14:31:28] [ INFO ] [BD:59] Se registra un pedido de conexión a la base de datos
[2022-11-03 14:31:28] [ INFO ] [BD:62] Sus pedido está siendo procesado
[2022-11-03 14:31:28] [ INFO ] [BD:64] Sus resultados están siendo procesados
[2022-11-03 14:31:28] [ ERROR] [BD:72] No se logró ejecutar su pedido a la bbdd.java.lang.NullPointerException: Cannot invoke "java.util.List.add(Object)" because "odontologoList" is null
[2022-11-03 14:32:37] [ INFO ] [BD:32] La conexión se cerró de forma exitosa.
[2022-11-03 14:32:37] [ INFO ] [BD:26] Se registra un pedido de conexión a la base de datos
[2022-11-03 14:32:37] [ INFO ] [BD:34] Su solicitud fue ejecutada con éxito, ha ingresado a: Florencia
[2022-11-03 14:32:37] [ INFO ] [BD:26] Se registra un pedido de conexión a la base de datos
[2022-11-03 14:32:37] [ INFO ] [BD:34] Su solicitud fue ejecutada con éxito, ha ingresado a: Camila
[2022-11-03 14:32:37] [ INFO ] [BD:26] Se registra un pedido de conexión a la base de datos
[2022-11-03 14:32:37] [ INFO ] [BD:34] Su solicitud fue ejecutada con éxito, ha ingresado a: Matina
[2022-11-03 14:32:37] [ INFO ] [BD:26] Se registra un pedido de conexión a la base de datos
[2022-11-03 14:32:37] [ INFO ] [BD:34] Su solicitud fue ejecutada con éxito, ha ingresado a: Micaela
[2022-11-03 14:32:37] [ INFO ] [BD:26] Se registra un pedido de conexión a la base de datos
[2022-11-03 14:32:37] [ INFO ] [BD:34] Su solicitud fue ejecutada con éxito, ha ingresado a: Ana
[2022-11-03 14:32:37] [ INFO ] [BD:59] Se registra un pedido de conexión a la base de datos
[2022-11-03 14:32:37] [ INFO ] [BD:62] Sus pedido está siendo procesado
[2022-11-03 14:32:37] [ INFO ] [BD:64] Sus resultados están siendo procesados
[2022-11-03 14:32:37] [ INFO ] [BD:68] Matrícula: 1000 -Nombre: Florencia -Apellido: Lecha
[2022-11-03 14:32:37] [ INFO ] [BD:68] Matrícula: 1001 -Nombre: Camila -Apellido: Agostini
[2022-11-03 14:32:37] [ INFO ] [BD:68] Matrícula: 1002 -Nombre: Matina -Apellido: Noguez
[2022-11-03 14:32:37] [ INFO ] [BD:68] Matrícula: 1003 -Nombre: Micaela -Apellido: Bentos
[2022-11-03 14:32:37] [ INFO ] [BD:68] Matrícula: 1004 -Nombre: Ana -Apellido: Gomez
[2022-11-03 14:34:56] [ INFO ] [BD:32] La conexión se cerró de forma exitosa.
[2022-11-03 14:34:56] [ INFO ] [BD:27] Se registra un pedido de conexión a la base de datos
[2022-11-03 14:34:56] [ INFO ] [BD:35] Su solicitud fue ejecutada con éxito, ha ingresado a: Florencia
[2022-11-03 14:34:56] [ INFO ] [BD:27] Se registra un pedido de conexión a la base de datos
[2022-11-03 14:34:56] [ INFO ] [BD:35] Su solicitud fue ejecutada con éxito, ha ingresado a: Camila
[2022-11-03 14:34:57] [ INFO ] [BD:27] Se registra un pedido de conexión a la base de datos
[2022-11-03 14:34:57] [ INFO ] [BD:35] Su solicitud fue ejecutada con éxito, ha ingresado a: Matina
[2022-11-03 14:34:57] [ INFO ] [BD:27] Se registra un pedido de conexión a la base de datos
[2022-11-03 14:34:57] [ INFO ] [BD:35] Su solicitud fue ejecutada con éxito, ha ingresado a: Micaela
[2022-11-03 14:34:57] [ INFO ] [BD:27] Se registra un pedido de conexión a la base de datos
[2022-11-03 14:34:57] [ INFO ] [BD:35] Su solicitud fue ejecutada con éxito, ha ingresado a: Ana
[2022-11-03 14:34:57] [ INFO ] [BD:60] Se registra un pedido de conexión a la base de datos
[2022-11-03 14:34:57] [ INFO ] [BD:63] Sus pedido está siendo procesado
[2022-11-03 14:34:57] [ INFO ] [BD:65] Sus resultados están siendo procesados
[2022-11-03 14:34:57] [ INFO ] [BD:69] Matrícula: 1000 -Nombre: Florencia -Apellido: Lecha
[2022-11-03 14:34:57] [ INFO ] [BD:69] Matrícula: 1001 -Nombre: Camila -Apellido: Agostini
[2022-11-03 14:34:57] [ INFO ] [BD:69] Matrícula: 1002 -Nombre: Matina -Apellido: Noguez
[2022-11-03 14:34:57] [ INFO ] [BD:69] Matrícula: 1003 -Nombre: Micaela -Apellido: Bentos
[2022-11-03 14:34:57] [ INFO ] [BD:69] Matrícula: 1004 -Nombre: Ana -Apellido: Gomez
